
Loading facebook/opt-6.7b
============================================================
Full Cache baseline
============================================================
  [Full Cache]  copa: 81.0% | openbookqa: 27.6% | piqa: 76.3% | winogrande: 65.3%  | Avg: 62.5%
Elapsed: 2.3 min
Saved.
[H2O] Patched 32 OPTAttention layers (heavy=0%, recent=20%, total budget=20%, decay_lambda=1.0)

============================================================
Local-only  (H=0,   R=20%)
============================================================
  [Local-only  (H=0,   R=20%)]  copa: 60.0% | openbookqa: 13.2% | piqa: 52.9% | winogrande: 50.4%  | Avg: 44.1%
Elapsed: 2.7 min
Saved.

============================================================
H2-only (H=20%, R=0)
============================================================
  [H2-only (H=20%, R=0)]  copa: 60.0% | openbookqa: 12.2% | piqa: 51.7% | winogrande: 52.4%  | Avg: 44.1%
Elapsed: 3.0 min
Saved.

============================================================
H2O 50/50 (H=10%, R=10%)
============================================================
  [H2O 50/50 (H=10%, R=10%)]  copa: 58.0% | openbookqa: 13.4% | piqa: 62.7% | winogrande: 51.6%  | Avg: 46.4%
Elapsed: 3.0 min
Saved.
Saved: /srikar/heavy-hitter-oracle/plots/03_ablation/exp3_ablation_copa.png
Saved: /srikar/heavy-hitter-oracle/plots/03_ablation/exp3_ablation_openbookqa.png
Saved: /srikar/heavy-hitter-oracle/plots/03_ablation/exp3_ablation_piqa.png
Saved: /srikar/heavy-hitter-oracle/plots/03_ablation/exp3_ablation_winogrande.png
All Exp 3a plots saved.
==========================================
End: Sat May  2 11:26:23 PM UTC 2026
Results: /srikar/heavy-hitter-oracle/results/03_ablation.json
==========================================
