srikar/.conda/envs/690ab/lib/python3.10/site-packages/huggingface_hub/file_download.py:949: FutureWarning: `resume_download` is deprecated and will be removed in version 1.0.0. Downloads always resume when possible. If you want to force a new download, use `force_download=True`.
  warnings.warn(

Loading checkpoint shards:   0%|          | 0/2 [00:00<?, ?it/s]
Loading checkpoint shards:  50%|█████     | 1/2 [00:10<00:10, 10.52s/it]
Loading checkpoint shards: 100%|██████████| 2/2 [00:13<00:00,  6.34s/it]
Loading checkpoint shards: 100%|██████████| 2/2 [00:13<00:00,  6.97s/it]
srikar/.conda/envs/690ab/lib/python3.10/site-packages/huggingface_hub/file_download.py:949: FutureWarning: `resume_download` is deprecated and will be removed in version 1.0.0. Downloads always resume when possible. If you want to force a new download, use `force_download=True`.
  warnings.warn(

Downloading data:   0%|          | 0.00/685k [00:00<?, ?B/s]
Downloading data: 100%|██████████| 685k/685k [00:00<00:00, 1.31MB/s]
Downloading data: 100%|██████████| 685k/685k [00:00<00:00, 1.30MB/s]

Downloading data:   0%|          | 0.00/6.07M [00:00<?, ?B/s]
Downloading data: 100%|██████████| 6.07M/6.07M [00:00<00:00, 43.8MB/s]
Downloading data: 100%|██████████| 6.07M/6.07M [00:00<00:00, 39.5MB/s]

Downloading data:   0%|          | 0.00/618k [00:00<?, ?B/s]
Downloading data: 100%|██████████| 618k/618k [00:00<00:00, 5.11MB/s]
Downloading data: 100%|██████████| 618k/618k [00:00<00:00, 4.94MB/s]

Generating test split:   0%|          | 0/4358 [00:00<?, ? examples/s]
Generating test split:  23%|██▎       | 1000/4358 [00:00<00:00, 9438.17 examples/s]
Generating test split: 100%|██████████| 4358/4358 [00:00<00:00, 33867.59 examples/s]

Generating train split:   0%|          | 0/36718 [00:00<?, ? examples/s]
Generating train split: 100%|██████████| 36718/36718 [00:00<00:00, 368225.95 examples/s]

Generating validation split:   0%|          | 0/3760 [00:00<?, ? examples/s]
Generating validation split: 100%|██████████| 3760/3760 [00:00<00:00, 219581.78 examples/s]
